<?xml version="1.0" encoding="UTF-8"?>
<!-- Generated by org.testng.reporters.JUnitXMLReporter -->
<testsuite ignored="0" hostname="DESKTOP-OOAJ2R4" failures="1" tests="1" name="Login VinothApplication" time="0.09" errors="0" timestamp="2021-05-18T16:52:54 IST">
  <testcase classname="task.ParameterTask" name="loginVinoth" time="0.017">
    <failure type="java.lang.ClassCastException" message="class task.ParameterTask cannot be cast to class org.openqa.selenium.WebDriver (task.ParameterTask and org.openqa.selenium.WebDriver are in unnamed module of loader &amp;apos;app&amp;apos;)">
      <![CDATA[java.lang.ClassCastException: class task.ParameterTask cannot be cast to class org.openqa.selenium.WebDriver (task.ParameterTask and org.openqa.selenium.WebDriver are in unnamed module of loader 'app')
at task.ParameterTask.loginVinoth(ParameterTask.java:22)
at java.base/java.util.ArrayList.forEach(ArrayList.java:1511)
... Removed 27 stack frames]]>
    </failure>
  </testcase> <!-- loginVinoth -->
</testsuite> <!-- Login VinothApplication -->
