<?xml version="1.0" encoding="UTF-8"?>
<!-- Generated by org.testng.reporters.JUnitXMLReporter -->
<testsuite ignored="0" hostname="DESKTOP-OOAJ2R4" failures="1" tests="1" name="validate login using chrome" time="0.249" errors="0" timestamp="2021-05-27T13:20:48 IST">
  <testcase classname="datapassingFromXml.A20_ParameterTest" name="loginTest" time="0.0">
    <failure type="org.testng.TestNGException" message="
Parameter &amp;apos;bROWSER&amp;apos; is required by @Test on method loginTest but has not been marked @Optional or defined
in C:\vcentry\batch167\TestNGTest\src\datapassingFromXml\data.xml">
      <![CDATA[org.testng.TestNGException: 
Parameter 'bROWSER' is required by @Test on method loginTest but has not been marked @Optional or defined
in C:\vcentry\batch167\TestNGTest\src\datapassingFromXml\data.xml
at java.base/java.util.ArrayList.forEach(ArrayList.java:1511)
... Removed 26 stack frames]]>
    </failure>
  </testcase> <!-- loginTest -->
</testsuite> <!-- validate login using chrome -->
